  main.cpp
C:\Users\taiki\SDL_SimpleGame\SDLGameApp\SDLGameApp\Utility.h(226,50): warning C4244: '引数': 'int' から 'float' への変換です。データが失われる可能性があります。
C:\Users\taiki\SDL_SimpleGame\SDLGameApp\SDLGameApp\Utility.h(226,29): warning C4244: '引数': 'int' から 'float' への変換です。データが失われる可能性があります。
C:\Users\taiki\SDL_SimpleGame\SDLGameApp\SDLGameApp\Utility.h(335,31): warning C4244: '=': 'double' から 'float' への変換です。データが失われる可能性があります。
C:\Users\taiki\SDL_SimpleGame\SDLGameApp\SDLGameApp\GameObjects.h(152,21): warning C4244: '初期化中': 'int' から 'float' への変換です。データが失われる可能性があります。
C:\Users\taiki\SDL_SimpleGame\SDLGameApp\SDLGameApp\GameObjects.h(153,21): warning C4244: '初期化中': 'int' から 'float' への変換です。データが失われる可能性があります。
C:\Users\taiki\SDL_SimpleGame\SDLGameApp\SDLGameApp\GameObjects.h(164,31): warning C4244: '=': 'int' から 'float' への変換です。データが失われる可能性があります。
C:\Users\taiki\SDL_SimpleGame\SDLGameApp\SDLGameApp\GameObjects.h(165,38): warning C4244: '=': 'int' から 'float' への変換です。データが失われる可能性があります。
C:\Users\taiki\SDL_SimpleGame\SDLGameApp\SDLGameApp\GameManager.h(273,71): warning C4244: '引数': 'int' から 'float' への変換です。データが失われる可能性があります。
C:\Users\taiki\SDL_SimpleGame\SDLGameApp\SDLGameApp\GameManager.h(273,55): warning C4244: '引数': 'int' から 'float' への変換です。データが失われる可能性があります。
C:\Users\taiki\SDL_SimpleGame\SDLGameApp\SDLGameApp\GameManager.h(290,38): warning C4244: '=': 'double' から 'float' への変換です。データが失われる可能性があります。
  ResourceManager.cpp
C:\Users\taiki\SDL_SimpleGame\SDLGameApp\SDLGameApp\Utility.h(226,50): warning C4244: '引数': 'int' から 'float' への変換です。データが失われる可能性があります。
C:\Users\taiki\SDL_SimpleGame\SDLGameApp\SDLGameApp\Utility.h(226,29): warning C4244: '引数': 'int' から 'float' への変換です。データが失われる可能性があります。
C:\Users\taiki\SDL_SimpleGame\SDLGameApp\SDLGameApp\Utility.h(335,31): warning C4244: '=': 'double' から 'float' への変換です。データが失われる可能性があります。
  コードを生成中...
  SDLGameApp.vcxproj -> C:\Users\taiki\SDL_SimpleGame\SDLGameApp\Debug\SDLGameApp.exe
  C:\SDL\SDL2-2.30.6\lib\x86\SDL2.dll
  C:\SDL\SDL2-2.30.6\lib\x86\SDL2.lib
  C:\SDL\SDL2-2.30.6\lib\x86\SDL2main.lib
  C:\SDL\SDL2-2.30.6\lib\x86\SDL2test.lib
  4 個のファイルをコピーしました
  C:\SDL\SDL2_image-2.8.2\lib\x86\SDL2_image.dll
  C:\SDL\SDL2_image-2.8.2\lib\x86\SDL2_image.lib
  C:\SDL\SDL2_image-2.8.2\lib\x86\optional\libavif-16.dll
  C:\SDL\SDL2_image-2.8.2\lib\x86\optional\libtiff-5.dll
  C:\SDL\SDL2_image-2.8.2\lib\x86\optional\libwebp-7.dll
  C:\SDL\SDL2_image-2.8.2\lib\x86\optional\libwebpdemux-2.dll
  C:\SDL\SDL2_image-2.8.2\lib\x86\optional\LICENSE.avif.txt
  C:\SDL\SDL2_image-2.8.2\lib\x86\optional\LICENSE.dav1d.txt
  C:\SDL\SDL2_image-2.8.2\lib\x86\optional\LICENSE.tiff.txt
  C:\SDL\SDL2_image-2.8.2\lib\x86\optional\LICENSE.webp.txt
  10 個のファイルをコピーしました
  C:\SDL\SDL2_ttf-2.22.0\lib\x86\LICENSE.freetype.txt
  C:\SDL\SDL2_ttf-2.22.0\lib\x86\LICENSE.harfbuzz.txt
  C:\SDL\SDL2_ttf-2.22.0\lib\x86\LICENSE.zlib.txt
  C:\SDL\SDL2_ttf-2.22.0\lib\x86\SDL2_ttf.dll
  C:\SDL\SDL2_ttf-2.22.0\lib\x86\SDL2_ttf.lib
  5 個のファイルをコピーしました
